2025-09-23 22:34 - INFO - Starting YAMNet training session
2025-09-23 22:34 - INFO - Using CUDA
2025-09-23 22:34 - INFO - NVIDIA GeForce RTX 3050 Laptop GPU
2025-09-23 22:34 - INFO - ✓ Model initialized successfully
2025-09-23 22:34 - INFO - ✓ Data loaders created: 11200 train, 2800 val samples
2025-09-23 22:34 - INFO - Starting training process...
2025-09-23 22:34 - INFO - Started training
2025-09-23 22:37 - INFO - Epoch 1/15, Train Loss: 1.6482, Train Acc: 0.3260
2025-09-23 22:38 - INFO - Epoch 1/15, Val Loss: 3.5886, Val Acc: 0.2025
2025-09-23 22:38 - INFO - New best model saved with val_acc: 0.2025
2025-09-23 22:42 - INFO - Epoch 2/15, Train Loss: 1.4551, Train Acc: 0.4145
2025-09-23 22:42 - INFO - Epoch 2/15, Val Loss: 5.0127, Val Acc: 0.1554
2025-09-23 22:46 - INFO - Epoch 3/15, Train Loss: 1.3191, Train Acc: 0.5034
2025-09-23 22:46 - INFO - Epoch 3/15, Val Loss: 13.9915, Val Acc: 0.1575
2025-09-23 22:49 - INFO - Epoch 4/15, Train Loss: 1.2095, Train Acc: 0.5588
2025-09-23 22:49 - INFO - Epoch 4/15, Val Loss: 47.3187, Val Acc: 0.1696
2025-09-23 22:52 - INFO - Epoch 5/15, Train Loss: 1.1568, Train Acc: 0.5812
2025-09-23 22:52 - INFO - Epoch 5/15, Val Loss: 186.7212, Val Acc: 0.1782
2025-09-23 22:55 - INFO - Epoch 6/15, Train Loss: 1.1023, Train Acc: 0.5954
2025-09-23 22:56 - INFO - Epoch 6/15, Val Loss: 871.0810, Val Acc: 0.1618
2025-09-23 22:59 - INFO - Epoch 7/15, Train Loss: 1.0480, Train Acc: 0.6141
2025-09-23 22:59 - INFO - Epoch 7/15, Val Loss: 229.9520, Val Acc: 0.1586
2025-09-23 23:02 - INFO - Epoch 8/15, Train Loss: 1.0284, Train Acc: 0.6262
2025-09-23 23:02 - INFO - Epoch 8/15, Val Loss: 552.8074, Val Acc: 0.1704
2025-09-23 23:05 - INFO - Epoch 9/15, Train Loss: 0.9827, Train Acc: 0.6441
2025-09-23 23:05 - INFO - Epoch 9/15, Val Loss: 690.6657, Val Acc: 0.1618
2025-09-23 23:08 - INFO - Epoch 10/15, Train Loss: 0.9628, Train Acc: 0.6503
2025-09-23 23:09 - INFO - Epoch 10/15, Val Loss: 1186.8355, Val Acc: 0.1796
2025-09-23 23:12 - INFO - Epoch 11/15, Train Loss: 0.9203, Train Acc: 0.6597
2025-09-23 23:12 - INFO - Epoch 11/15, Val Loss: 814.4028, Val Acc: 0.1693
2025-09-23 23:15 - INFO - Epoch 12/15, Train Loss: 0.8860, Train Acc: 0.6697
2025-09-23 23:15 - INFO - Epoch 12/15, Val Loss: 1383.4606, Val Acc: 0.1679
2025-09-23 23:18 - INFO - Epoch 13/15, Train Loss: 0.8842, Train Acc: 0.6761
2025-09-23 23:18 - INFO - Epoch 13/15, Val Loss: 4935.3446, Val Acc: 0.1700
2025-09-23 23:21 - INFO - Epoch 14/15, Train Loss: 0.8456, Train Acc: 0.6839
2025-09-23 23:21 - INFO - Epoch 14/15, Val Loss: 5867.1282, Val Acc: 0.1771
2025-09-23 23:24 - INFO - Epoch 15/15, Train Loss: 0.8351, Train Acc: 0.6833
2025-09-23 23:25 - INFO - Epoch 15/15, Val Loss: 12783.2283, Val Acc: 0.1396
2025-09-23 23:25 - INFO - Training completed. Runtime: 0:50:37.538697
2025-09-23 23:25 - INFO - Best validation accuracy: 0.2025
2025-09-23 23:25 - INFO - ✓ Training completed successfully!
